#! /usr/bin/vvp
:ivl_version "11.0 (stable)";
:ivl_delay_selection "TYPICAL";
:vpi_time_precision - 12;
:vpi_module "/usr/lib/x86_64-linux-gnu/ivl/system.vpi";
:vpi_module "/usr/lib/x86_64-linux-gnu/ivl/vhdl_sys.vpi";
:vpi_module "/usr/lib/x86_64-linux-gnu/ivl/vhdl_textio.vpi";
:vpi_module "/usr/lib/x86_64-linux-gnu/ivl/v2005_math.vpi";
:vpi_module "/usr/lib/x86_64-linux-gnu/ivl/va_math.vpi";
S_0x5652f4b41e40 .scope module, "top_tb" "top_tb" 2 3;
 .timescale -12 -12;
v0x5652f4bd4cf0_0 .var "A", 3 0;
v0x5652f4bd4e20_0 .net "bt", 0 0, L_0x5652f4bd6f70;  1 drivers
v0x5652f4bd4f30_0 .var "clk", 0 0;
v0x5652f4bd4fd0_0 .var "confirm", 0 0;
v0x5652f4bd50c0_0 .var "fire", 0 0;
v0x5652f4bd5200_0 .net "lt", 0 0, L_0x5652f4bd6ed0;  1 drivers
v0x5652f4bd52f0_0 .net "m_disp", 6 0, v0x5652f4bd22c0_0;  1 drivers
v0x5652f4bd53e0_0 .var "ready", 0 0;
v0x5652f4bd54d0_0 .var "rst", 0 0;
v0x5652f4bd5570_0 .net "rt", 0 0, L_0x5652f4bd5f20;  1 drivers
v0x5652f4bd5610_0 .net "sel", 3 0, L_0x5652f4bd5dc0;  1 drivers
v0x5652f4bd5700_0 .var "setup", 0 0;
v0x5652f4bd57f0_0 .var "sure", 0 0;
v0x5652f4bd58e0_0 .var "wait_t", 0 0;
S_0x5652f4b94440 .scope module, "dut" "top" 2 300, 3 19 0, S_0x5652f4b41e40;
 .timescale -12 -12;
    .port_info 0 /INPUT 1 "clk";
    .port_info 1 /INPUT 1 "rst";
    .port_info 2 /INPUT 1 "wait_t";
    .port_info 3 /INPUT 1 "setup";
    .port_info 4 /INPUT 1 "ready";
    .port_info 5 /INPUT 1 "fire";
    .port_info 6 /INPUT 1 "sure";
    .port_info 7 /INPUT 4 "A";
    .port_info 8 /INPUT 1 "confirm";
    .port_info 9 /OUTPUT 4 "sel";
    .port_info 10 /OUTPUT 1 "lt";
    .port_info 11 /OUTPUT 1 "bt";
    .port_info 12 /OUTPUT 1 "rt";
    .port_info 13 /OUTPUT 7 "m_disp";
P_0x5652f4ba5ff0 .param/l "DISP_COUNT" 0 3 23, +C4<00000000000000000000000000000001>;
P_0x5652f4ba6030 .param/l "KEY_CNT_MAX" 0 3 20, +C4<00000000000000000000000000000100>;
P_0x5652f4ba6070 .param/l "ORIGIN_PASSPORT" 0 3 22, C4<0010010110000000>;
P_0x5652f4ba60b0 .param/l "RT_CNT_MAX" 0 3 21, +C4<00000000000000000000000000000001>;
v0x5652f4bd3960_0 .net "A", 3 0, v0x5652f4bd4cf0_0;  1 drivers
v0x5652f4bd3a40_0 .net "bt", 0 0, L_0x5652f4bd6f70;  alias, 1 drivers
v0x5652f4bd3b10_0 .net "clk", 0 0, v0x5652f4bd4f30_0;  1 drivers
v0x5652f4bd3be0_0 .net "confirm", 0 0, v0x5652f4bd4fd0_0;  1 drivers
v0x5652f4bd3cb0_0 .net "db_confirm", 0 0, L_0x5652f4bd5ca0;  1 drivers
v0x5652f4bd3df0_0 .net "db_fire", 0 0, v0x5652f4bcd560_0;  1 drivers
v0x5652f4bd3ee0_0 .net "db_ready", 0 0, v0x5652f4bd0610_0;  1 drivers
v0x5652f4bd3fd0_0 .net "db_setup", 0 0, L_0x5652f4bd5a60;  1 drivers
v0x5652f4bd40c0_0 .net "db_sure", 0 0, v0x5652f4bd1620_0;  1 drivers
v0x5652f4bd4160_0 .net "db_wait_t", 0 0, v0x5652f4bd3640_0;  1 drivers
v0x5652f4bd4250_0 .net "disp_en", 0 0, L_0x5652f4bd6cf0;  1 drivers
v0x5652f4bd4340_0 .net "fire", 0 0, v0x5652f4bd50c0_0;  1 drivers
v0x5652f4bd43e0_0 .net "lt", 0 0, L_0x5652f4bd6ed0;  alias, 1 drivers
v0x5652f4bd4480_0 .net "m_disp", 6 0, v0x5652f4bd22c0_0;  alias, 1 drivers
v0x5652f4bd4520_0 .net "passport", 15 0, v0x5652f4bcf7f0_0;  1 drivers
v0x5652f4bd4610_0 .net "ready", 0 0, v0x5652f4bd53e0_0;  1 drivers
v0x5652f4bd46b0_0 .net "rst", 0 0, v0x5652f4bd54d0_0;  1 drivers
v0x5652f4bd4860_0 .net "rt", 0 0, L_0x5652f4bd5f20;  alias, 1 drivers
v0x5652f4bd4900_0 .net "rt_en", 0 0, L_0x5652f4bd62c0;  1 drivers
v0x5652f4bd49f0_0 .net "sel", 3 0, L_0x5652f4bd5dc0;  alias, 1 drivers
v0x5652f4bd4a90_0 .net "setup", 0 0, v0x5652f4bd5700_0;  1 drivers
v0x5652f4bd4b30_0 .net "sure", 0 0, v0x5652f4bd57f0_0;  1 drivers
v0x5652f4bd4bd0_0 .net "wait_t", 0 0, v0x5652f4bd58e0_0;  1 drivers
S_0x5652f4b513a0 .scope module, "confirm_db" "key_debounce" 3 92, 4 19 0, S_0x5652f4b94440;
 .timescale 0 0;
    .port_info 0 /INPUT 1 "clk";
    .port_info 1 /INPUT 1 "rst";
    .port_info 2 /INPUT 1 "key";
    .port_info 3 /OUTPUT 1 "debounced_key";
P_0x5652f4b51530 .param/l "KEY_CNT_MAX" 0 4 20, +C4<00000000000000000000000000000100>;
L_0x5652f4bd5ca0 .functor BUFZ 1, v0x5652f4b8ff20_0, C4<0>, C4<0>, C4<0>;
v0x5652f4b8e660_0 .net "clk", 0 0, v0x5652f4bd4f30_0;  alias, 1 drivers
v0x5652f4b8f050_0 .var "cnt", 31 0;
v0x5652f4ba3960_0 .net "debounced_key", 0 0, L_0x5652f4bd5ca0;  alias, 1 drivers
v0x5652f4ba54e0_0 .net "key", 0 0, v0x5652f4bd4fd0_0;  alias, 1 drivers
v0x5652f4b8ff20_0 .var "key_flag", 0 0;
v0x5652f4b90910_0 .net "rst", 0 0, v0x5652f4bd54d0_0;  alias, 1 drivers
E_0x5652f4b469b0 .event posedge, v0x5652f4b8e660_0;
S_0x5652f4bcd010 .scope module, "fire_db" "key_debounce" 3 74, 4 19 0, S_0x5652f4b94440;
 .timescale 0 0;
    .port_info 0 /INPUT 1 "clk";
    .port_info 1 /INPUT 1 "rst";
    .port_info 2 /INPUT 1 "key";
    .port_info 3 /OUTPUT 1 "debounced_key";
P_0x5652f4bcd210 .param/l "KEY_CNT_MAX" 0 4 20, +C4<00000000000000000000000000000100>;
v0x5652f4b930a0_0 .net "clk", 0 0, v0x5652f4bd4f30_0;  alias, 1 drivers
v0x5652f4bcd310_0 .var "cnt", 31 0;
v0x5652f4bcd3d0_0 .net "debounced_key", 0 0, v0x5652f4bcd560_0;  alias, 1 drivers
v0x5652f4bcd4a0_0 .net "key", 0 0, v0x5652f4bd50c0_0;  alias, 1 drivers
v0x5652f4bcd560_0 .var "key_flag", 0 0;
v0x5652f4bcd670_0 .net "rst", 0 0, v0x5652f4bd54d0_0;  alias, 1 drivers
S_0x5652f4bcd7a0 .scope module, "numeric_code_detonator_inst" "numeric_code_detonator" 3 123, 5 37 0, S_0x5652f4b94440;
 .timescale 0 0;
    .port_info 0 /INPUT 1 "clk";
    .port_info 1 /INPUT 1 "rst";
    .port_info 2 /INPUT 1 "wait_t";
    .port_info 3 /INPUT 1 "setup";
    .port_info 4 /INPUT 1 "ready";
    .port_info 5 /INPUT 1 "fire";
    .port_info 6 /INPUT 1 "sure";
    .port_info 7 /INPUT 4 "A";
    .port_info 8 /INPUT 1 "confirm";
    .port_info 9 /OUTPUT 1 "lt";
    .port_info 10 /OUTPUT 1 "bt";
    .port_info 11 /OUTPUT 1 "rt_en";
    .port_info 12 /OUTPUT 1 "disp_en";
    .port_info 13 /OUTPUT 16 "passport";
P_0x5652f4bcd980 .param/l "CHECK" 1 5 56, C4<0110>;
P_0x5652f4bcd9c0 .param/l "ERROR" 1 5 56, C4<0111>;
P_0x5652f4bcda00 .param/l "FIRE" 1 5 56, C4<1001>;
P_0x5652f4bcda40 .param/l "INPUT1" 1 5 56, C4<0010>;
P_0x5652f4bcda80 .param/l "INPUT2" 1 5 56, C4<0011>;
P_0x5652f4bcdac0 .param/l "INPUT3" 1 5 56, C4<0100>;
P_0x5652f4bcdb00 .param/l "INPUT4" 1 5 56, C4<0101>;
P_0x5652f4bcdb40 .param/l "OK" 1 5 56, C4<1000>;
P_0x5652f4bcdb80 .param/l "ORIGIN_PASSPORT" 0 5 38, C4<0010010110000000>;
P_0x5652f4bcdbc0 .param/l "READY" 1 5 56, C4<0001>;
P_0x5652f4bcdc00 .param/l "WAIT" 1 5 56, C4<0000>;
L_0x5652f4bd6030 .functor OR 1, v0x5652f4bcd560_0, v0x5652f4bd0610_0, C4<0>, C4<0>;
L_0x5652f4bd60a0 .functor OR 1, L_0x5652f4bd6030, v0x5652f4bd1620_0, C4<0>, C4<0>;
L_0x5652f4bd61c0 .functor OR 1, L_0x5652f4bd60a0, v0x5652f4bd3640_0, C4<0>, C4<0>;
L_0x5652f4bd65d0 .functor OR 1, L_0x5652f4bd63f0, L_0x5652f4bd64e0, C4<0>, C4<0>;
L_0x5652f4bd6870 .functor OR 1, L_0x5652f4bd65d0, L_0x5652f4bd6710, C4<0>, C4<0>;
L_0x5652f4bd6a70 .functor OR 1, L_0x5652f4bd6870, L_0x5652f4bd6980, C4<0>, C4<0>;
L_0x5652f4bd6cf0 .functor OR 1, L_0x5652f4bd6a70, L_0x5652f4bd6bc0, C4<0>, C4<0>;
v0x5652f4bce1c0_0 .net "A", 3 0, v0x5652f4bd4cf0_0;  alias, 1 drivers
v0x5652f4bce2c0_0 .net *"_ivl_0", 0 0, L_0x5652f4bd6030;  1 drivers
L_0x7fc27158a0f0 .functor BUFT 1, C4<0010>, C4<0>, C4<0>, C4<0>;
v0x5652f4bce3a0_0 .net/2u *"_ivl_10", 3 0, L_0x7fc27158a0f0;  1 drivers
v0x5652f4bce490_0 .net *"_ivl_12", 0 0, L_0x5652f4bd63f0;  1 drivers
L_0x7fc27158a138 .functor BUFT 1, C4<0011>, C4<0>, C4<0>, C4<0>;
v0x5652f4bce550_0 .net/2u *"_ivl_14", 3 0, L_0x7fc27158a138;  1 drivers
v0x5652f4bce630_0 .net *"_ivl_16", 0 0, L_0x5652f4bd64e0;  1 drivers
v0x5652f4bce6f0_0 .net *"_ivl_19", 0 0, L_0x5652f4bd65d0;  1 drivers
v0x5652f4bce7b0_0 .net *"_ivl_2", 0 0, L_0x5652f4bd60a0;  1 drivers
L_0x7fc27158a180 .functor BUFT 1, C4<0100>, C4<0>, C4<0>, C4<0>;
v0x5652f4bce890_0 .net/2u *"_ivl_20", 3 0, L_0x7fc27158a180;  1 drivers
v0x5652f4bce970_0 .net *"_ivl_22", 0 0, L_0x5652f4bd6710;  1 drivers
v0x5652f4bcea30_0 .net *"_ivl_25", 0 0, L_0x5652f4bd6870;  1 drivers
L_0x7fc27158a1c8 .functor BUFT 1, C4<0101>, C4<0>, C4<0>, C4<0>;
v0x5652f4bceaf0_0 .net/2u *"_ivl_26", 3 0, L_0x7fc27158a1c8;  1 drivers
v0x5652f4bcebd0_0 .net *"_ivl_28", 0 0, L_0x5652f4bd6980;  1 drivers
v0x5652f4bcec90_0 .net *"_ivl_31", 0 0, L_0x5652f4bd6a70;  1 drivers
L_0x7fc27158a210 .functor BUFT 1, C4<0110>, C4<0>, C4<0>, C4<0>;
v0x5652f4bced50_0 .net/2u *"_ivl_32", 3 0, L_0x7fc27158a210;  1 drivers
v0x5652f4bcee30_0 .net *"_ivl_34", 0 0, L_0x5652f4bd6bc0;  1 drivers
L_0x7fc27158a258 .functor BUFT 1, C4<1000>, C4<0>, C4<0>, C4<0>;
v0x5652f4bceef0_0 .net/2u *"_ivl_38", 3 0, L_0x7fc27158a258;  1 drivers
L_0x7fc27158a2a0 .functor BUFT 1, C4<1001>, C4<0>, C4<0>, C4<0>;
v0x5652f4bcefd0_0 .net/2u *"_ivl_42", 3 0, L_0x7fc27158a2a0;  1 drivers
L_0x7fc27158a0a8 .functor BUFT 1, C4<0111>, C4<0>, C4<0>, C4<0>;
v0x5652f4bcf0b0_0 .net/2u *"_ivl_6", 3 0, L_0x7fc27158a0a8;  1 drivers
v0x5652f4bcf190_0 .net "any_input", 0 0, L_0x5652f4bd61c0;  1 drivers
v0x5652f4bcf250_0 .net "bt", 0 0, L_0x5652f4bd6f70;  alias, 1 drivers
v0x5652f4bcf310_0 .net "clk", 0 0, v0x5652f4bd4f30_0;  alias, 1 drivers
v0x5652f4bcf3b0_0 .net "confirm", 0 0, L_0x5652f4bd5ca0;  alias, 1 drivers
v0x5652f4bcf450_0 .var "current_state", 3 0;
v0x5652f4bcf510_0 .net "disp_en", 0 0, L_0x5652f4bd6cf0;  alias, 1 drivers
v0x5652f4bcf5d0_0 .net "fire", 0 0, v0x5652f4bcd560_0;  alias, 1 drivers
v0x5652f4bcf670_0 .net "lt", 0 0, L_0x5652f4bd6ed0;  alias, 1 drivers
v0x5652f4bcf710_0 .var "next_state", 3 0;
v0x5652f4bcf7f0_0 .var "passport", 15 0;
v0x5652f4bcf8d0_0 .var "ptr", 3 0;
v0x5652f4bcf9b0_0 .net "ready", 0 0, v0x5652f4bd0610_0;  alias, 1 drivers
v0x5652f4bcfa70_0 .net "rst", 0 0, v0x5652f4bd54d0_0;  alias, 1 drivers
v0x5652f4bcfb60_0 .net "rt_en", 0 0, L_0x5652f4bd62c0;  alias, 1 drivers
v0x5652f4bcfc20_0 .net "setup", 0 0, L_0x5652f4bd5a60;  alias, 1 drivers
v0x5652f4bcfce0_0 .net "sure", 0 0, v0x5652f4bd1620_0;  alias, 1 drivers
v0x5652f4bcfda0_0 .net "wait_t", 0 0, v0x5652f4bd3640_0;  alias, 1 drivers
E_0x5652f4b466b0/0 .event edge, v0x5652f4bcf450_0, v0x5652f4bcd3d0_0, v0x5652f4bcf9b0_0, v0x5652f4bcfce0_0;
E_0x5652f4b466b0/1 .event edge, v0x5652f4bcfda0_0, v0x5652f4ba3960_0, v0x5652f4bcf7f0_0, v0x5652f4bcfc20_0;
E_0x5652f4b466b0 .event/or E_0x5652f4b466b0/0, E_0x5652f4b466b0/1;
L_0x5652f4bd62c0 .cmp/eq 4, v0x5652f4bcf450_0, L_0x7fc27158a0a8;
L_0x5652f4bd63f0 .cmp/eq 4, v0x5652f4bcf450_0, L_0x7fc27158a0f0;
L_0x5652f4bd64e0 .cmp/eq 4, v0x5652f4bcf450_0, L_0x7fc27158a138;
L_0x5652f4bd6710 .cmp/eq 4, v0x5652f4bcf450_0, L_0x7fc27158a180;
L_0x5652f4bd6980 .cmp/eq 4, v0x5652f4bcf450_0, L_0x7fc27158a1c8;
L_0x5652f4bd6bc0 .cmp/eq 4, v0x5652f4bcf450_0, L_0x7fc27158a210;
L_0x5652f4bd6ed0 .cmp/eq 4, v0x5652f4bcf450_0, L_0x7fc27158a258;
L_0x5652f4bd6f70 .cmp/eq 4, v0x5652f4bcf450_0, L_0x7fc27158a2a0;
S_0x5652f4bd0020 .scope module, "ready_db" "key_debounce" 3 65, 4 19 0, S_0x5652f4b94440;
 .timescale 0 0;
    .port_info 0 /INPUT 1 "clk";
    .port_info 1 /INPUT 1 "rst";
    .port_info 2 /INPUT 1 "key";
    .port_info 3 /OUTPUT 1 "debounced_key";
P_0x5652f4bd0200 .param/l "KEY_CNT_MAX" 0 4 20, +C4<00000000000000000000000000000100>;
v0x5652f4bd02d0_0 .net "clk", 0 0, v0x5652f4bd4f30_0;  alias, 1 drivers
v0x5652f4bd0390_0 .var "cnt", 31 0;
v0x5652f4bd0470_0 .net "debounced_key", 0 0, v0x5652f4bd0610_0;  alias, 1 drivers
v0x5652f4bd0570_0 .net "key", 0 0, v0x5652f4bd53e0_0;  alias, 1 drivers
v0x5652f4bd0610_0 .var "key_flag", 0 0;
v0x5652f4bd0700_0 .net "rst", 0 0, v0x5652f4bd54d0_0;  alias, 1 drivers
S_0x5652f4bd0820 .scope module, "setup_db" "key_debounce" 3 56, 4 19 0, S_0x5652f4b94440;
 .timescale 0 0;
    .port_info 0 /INPUT 1 "clk";
    .port_info 1 /INPUT 1 "rst";
    .port_info 2 /INPUT 1 "key";
    .port_info 3 /OUTPUT 1 "debounced_key";
P_0x5652f4bd0a50 .param/l "KEY_CNT_MAX" 0 4 20, +C4<00000000000000000000000000000100>;
L_0x5652f4bd5a60 .functor BUFZ 1, v0x5652f4bd0e30_0, C4<0>, C4<0>, C4<0>;
v0x5652f4bd0af0_0 .net "clk", 0 0, v0x5652f4bd4f30_0;  alias, 1 drivers
v0x5652f4bd0bb0_0 .var "cnt", 31 0;
v0x5652f4bd0c90_0 .net "debounced_key", 0 0, L_0x5652f4bd5a60;  alias, 1 drivers
v0x5652f4bd0d90_0 .net "key", 0 0, v0x5652f4bd5700_0;  alias, 1 drivers
v0x5652f4bd0e30_0 .var "key_flag", 0 0;
v0x5652f4bd0ed0_0 .net "rst", 0 0, v0x5652f4bd54d0_0;  alias, 1 drivers
S_0x5652f4bd0ff0 .scope module, "sure_db" "key_debounce" 3 83, 4 19 0, S_0x5652f4b94440;
 .timescale 0 0;
    .port_info 0 /INPUT 1 "clk";
    .port_info 1 /INPUT 1 "rst";
    .port_info 2 /INPUT 1 "key";
    .port_info 3 /OUTPUT 1 "debounced_key";
P_0x5652f4bd1180 .param/l "KEY_CNT_MAX" 0 4 20, +C4<00000000000000000000000000000100>;
v0x5652f4bd12e0_0 .net "clk", 0 0, v0x5652f4bd4f30_0;  alias, 1 drivers
v0x5652f4bd13a0_0 .var "cnt", 31 0;
v0x5652f4bd1480_0 .net "debounced_key", 0 0, v0x5652f4bd1620_0;  alias, 1 drivers
v0x5652f4bd1580_0 .net "key", 0 0, v0x5652f4bd57f0_0;  alias, 1 drivers
v0x5652f4bd1620_0 .var "key_flag", 0 0;
v0x5652f4bd1710_0 .net "rst", 0 0, v0x5652f4bd54d0_0;  alias, 1 drivers
S_0x5652f4bd1830 .scope module, "u_disp_ctrl" "disp_ctrl" 3 101, 6 19 0, S_0x5652f4b94440;
 .timescale 0 0;
    .port_info 0 /INPUT 1 "clk";
    .port_info 1 /INPUT 1 "rst";
    .port_info 2 /INPUT 1 "en";
    .port_info 3 /INPUT 16 "data";
    .port_info 4 /OUTPUT 4 "sel";
    .port_info 5 /OUTPUT 7 "m_disp";
P_0x5652f4bd1a10 .param/l "DISP_COUNT" 0 6 20, +C4<00000000000000000000000000000001>;
L_0x5652f4bd5d30 .functor NOT 4, v0x5652f4bd24e0_0, C4<0000>, C4<0000>, C4<0000>;
v0x5652f4bd1bd0_0 .net *"_ivl_0", 3 0, L_0x5652f4bd5d30;  1 drivers
L_0x7fc27158a018 .functor BUFT 1, C4<1111>, C4<0>, C4<0>, C4<0>;
v0x5652f4bd1cd0_0 .net/2u *"_ivl_2", 3 0, L_0x7fc27158a018;  1 drivers
v0x5652f4bd1db0_0 .net "clk", 0 0, v0x5652f4bd4f30_0;  alias, 1 drivers
v0x5652f4bd1e80_0 .var "clk_out", 0 0;
v0x5652f4bd1f20_0 .var "count", 15 0;
v0x5652f4bd2050_0 .var "current_input", 3 0;
v0x5652f4bd2130_0 .net "data", 15 0, v0x5652f4bcf7f0_0;  alias, 1 drivers
v0x5652f4bd21f0_0 .net "en", 0 0, L_0x5652f4bd6cf0;  alias, 1 drivers
v0x5652f4bd22c0_0 .var "m_disp", 6 0;
v0x5652f4bd2360_0 .net "rst", 0 0, v0x5652f4bd54d0_0;  alias, 1 drivers
v0x5652f4bd2400_0 .net "sel", 3 0, L_0x5652f4bd5dc0;  alias, 1 drivers
v0x5652f4bd24e0_0 .var "sel_n", 3 0;
E_0x5652f4bb6900 .event edge, v0x5652f4bd2400_0, v0x5652f4bcf7f0_0;
E_0x5652f4bb6a80 .event edge, v0x5652f4bd2050_0;
E_0x5652f4bb6c30 .event posedge, v0x5652f4bd1e80_0;
L_0x5652f4bd5dc0 .functor MUXZ 4, L_0x7fc27158a018, L_0x5652f4bd5d30, L_0x5652f4bd6cf0, C4<>;
S_0x5652f4bd26c0 .scope module, "u_red_led" "red_led" 3 113, 7 19 0, S_0x5652f4b94440;
 .timescale 0 0;
    .port_info 0 /INPUT 1 "clk";
    .port_info 1 /INPUT 1 "rst";
    .port_info 2 /INPUT 1 "en";
    .port_info 3 /OUTPUT 1 "rt";
P_0x5652f4bd2850 .param/l "RT_CNT_MAX" 0 7 20, +C4<00000000000000000000000000000001>;
L_0x7fc27158a060 .functor BUFT 1, C4<0>, C4<0>, C4<0>, C4<0>;
v0x5652f4bd29e0_0 .net/2u *"_ivl_0", 0 0, L_0x7fc27158a060;  1 drivers
v0x5652f4bd2ae0_0 .net "clk", 0 0, v0x5652f4bd4f30_0;  alias, 1 drivers
v0x5652f4bd2ba0_0 .var "cnt", 31 0;
v0x5652f4bd2c70_0 .net "en", 0 0, L_0x5652f4bd62c0;  alias, 1 drivers
v0x5652f4bd2d40_0 .net "rst", 0 0, v0x5652f4bd54d0_0;  alias, 1 drivers
v0x5652f4bd2e30_0 .net "rt", 0 0, L_0x5652f4bd5f20;  alias, 1 drivers
v0x5652f4bd2ed0_0 .var "rt_tmp", 0 0;
L_0x5652f4bd5f20 .functor MUXZ 1, L_0x7fc27158a060, v0x5652f4bd2ed0_0, L_0x5652f4bd62c0, C4<>;
S_0x5652f4bd3010 .scope module, "wait_db" "key_debounce" 3 47, 4 19 0, S_0x5652f4b94440;
 .timescale 0 0;
    .port_info 0 /INPUT 1 "clk";
    .port_info 1 /INPUT 1 "rst";
    .port_info 2 /INPUT 1 "key";
    .port_info 3 /OUTPUT 1 "debounced_key";
P_0x5652f4bd0a00 .param/l "KEY_CNT_MAX" 0 4 20, +C4<00000000000000000000000000000100>;
v0x5652f4bd3300_0 .net "clk", 0 0, v0x5652f4bd4f30_0;  alias, 1 drivers
v0x5652f4bd33c0_0 .var "cnt", 31 0;
v0x5652f4bd34a0_0 .net "debounced_key", 0 0, v0x5652f4bd3640_0;  alias, 1 drivers
v0x5652f4bd35a0_0 .net "key", 0 0, v0x5652f4bd58e0_0;  alias, 1 drivers
v0x5652f4bd3640_0 .var "key_flag", 0 0;
v0x5652f4bd3730_0 .net "rst", 0 0, v0x5652f4bd54d0_0;  alias, 1 drivers
    .scope S_0x5652f4bd3010;
T_0 ;
    %wait E_0x5652f4b469b0;
    %load/vec4 v0x5652f4bd3730_0;
    %flag_set/vec4 8;
    %jmp/0xz  T_0.0, 8;
    %pushi/vec4 0, 0, 32;
    %assign/vec4 v0x5652f4bd33c0_0, 0;
    %jmp T_0.1;
T_0.0 ;
    %load/vec4 v0x5652f4bd35a0_0;
    %cmpi/e 1, 0, 1;
    %jmp/0xz  T_0.2, 4;
    %load/vec4 v0x5652f4bd33c0_0;
    %cmpi/e 3, 0, 32;
    %flag_mov 8, 4;
    %jmp/0 T_0.4, 8;
    %pushi/vec4 0, 0, 32;
    %jmp/1 T_0.5, 8;
T_0.4 ; End of true expr.
    %load/vec4 v0x5652f4bd33c0_0;
    %addi 1, 0, 32;
    %jmp/0 T_0.5, 8;
 ; End of false expr.
    %blend;
T_0.5;
    %assign/vec4 v0x5652f4bd33c0_0, 0;
    %jmp T_0.3;
T_0.2 ;
    %pushi/vec4 0, 0, 32;
    %assign/vec4 v0x5652f4bd33c0_0, 0;
T_0.3 ;
T_0.1 ;
    %jmp T_0;
    .thread T_0;
    .scope S_0x5652f4bd3010;
T_1 ;
    %wait E_0x5652f4b469b0;
    %load/vec4 v0x5652f4bd3730_0;
    %flag_set/vec4 8;
    %jmp/0xz  T_1.0, 8;
    %pushi/vec4 0, 0, 1;
    %assign/vec4 v0x5652f4bd3640_0, 0;
    %jmp T_1.1;
T_1.0 ;
    %load/vec4 v0x5652f4bd33c0_0;
    %cmpi/e 3, 0, 32;
    %jmp/0xz  T_1.2, 4;
    %pushi/vec4 1, 0, 1;
    %assign/vec4 v0x5652f4bd3640_0, 0;
    %jmp T_1.3;
T_1.2 ;
    %pushi/vec4 0, 0, 1;
    %assign/vec4 v0x5652f4bd3640_0, 0;
T_1.3 ;
T_1.1 ;
    %jmp T_1;
    .thread T_1;
    .scope S_0x5652f4bd0820;
T_2 ;
    %wait E_0x5652f4b469b0;
    %load/vec4 v0x5652f4bd0ed0_0;
    %flag_set/vec4 8;
    %jmp/0xz  T_2.0, 8;
    %pushi/vec4 0, 0, 32;
    %assign/vec4 v0x5652f4bd0bb0_0, 0;
    %jmp T_2.1;
T_2.0 ;
    %load/vec4 v0x5652f4bd0d90_0;
    %cmpi/e 1, 0, 1;
    %jmp/0xz  T_2.2, 4;
    %load/vec4 v0x5652f4bd0bb0_0;
    %cmpi/e 3, 0, 32;
    %flag_mov 8, 4;
    %jmp/0 T_2.4, 8;
    %pushi/vec4 0, 0, 32;
    %jmp/1 T_2.5, 8;
T_2.4 ; End of true expr.
    %load/vec4 v0x5652f4bd0bb0_0;
    %addi 1, 0, 32;
    %jmp/0 T_2.5, 8;
 ; End of false expr.
    %blend;
T_2.5;
    %assign/vec4 v0x5652f4bd0bb0_0, 0;
    %jmp T_2.3;
T_2.2 ;
    %pushi/vec4 0, 0, 32;
    %assign/vec4 v0x5652f4bd0bb0_0, 0;
T_2.3 ;
T_2.1 ;
    %jmp T_2;
    .thread T_2;
    .scope S_0x5652f4bd0820;
T_3 ;
    %wait E_0x5652f4b469b0;
    %load/vec4 v0x5652f4bd0ed0_0;
    %flag_set/vec4 8;
    %jmp/0xz  T_3.0, 8;
    %pushi/vec4 0, 0, 1;
    %assign/vec4 v0x5652f4bd0e30_0, 0;
    %jmp T_3.1;
T_3.0 ;
    %load/vec4 v0x5652f4bd0bb0_0;
    %cmpi/e 3, 0, 32;
    %jmp/0xz  T_3.2, 4;
    %pushi/vec4 1, 0, 1;
    %assign/vec4 v0x5652f4bd0e30_0, 0;
    %jmp T_3.3;
T_3.2 ;
    %pushi/vec4 0, 0, 1;
    %assign/vec4 v0x5652f4bd0e30_0, 0;
T_3.3 ;
T_3.1 ;
    %jmp T_3;
    .thread T_3;
    .scope S_0x5652f4bd0020;
T_4 ;
    %wait E_0x5652f4b469b0;
    %load/vec4 v0x5652f4bd0700_0;
    %flag_set/vec4 8;
    %jmp/0xz  T_4.0, 8;
    %pushi/vec4 0, 0, 32;
    %assign/vec4 v0x5652f4bd0390_0, 0;
    %jmp T_4.1;
T_4.0 ;
    %load/vec4 v0x5652f4bd0570_0;
    %cmpi/e 1, 0, 1;
    %jmp/0xz  T_4.2, 4;
    %load/vec4 v0x5652f4bd0390_0;
    %cmpi/e 3, 0, 32;
    %flag_mov 8, 4;
    %jmp/0 T_4.4, 8;
    %pushi/vec4 0, 0, 32;
    %jmp/1 T_4.5, 8;
T_4.4 ; End of true expr.
    %load/vec4 v0x5652f4bd0390_0;
    %addi 1, 0, 32;
    %jmp/0 T_4.5, 8;
 ; End of false expr.
    %blend;
T_4.5;
    %assign/vec4 v0x5652f4bd0390_0, 0;
    %jmp T_4.3;
T_4.2 ;
    %pushi/vec4 0, 0, 32;
    %assign/vec4 v0x5652f4bd0390_0, 0;
T_4.3 ;
T_4.1 ;
    %jmp T_4;
    .thread T_4;
    .scope S_0x5652f4bd0020;
T_5 ;
    %wait E_0x5652f4b469b0;
    %load/vec4 v0x5652f4bd0700_0;
    %flag_set/vec4 8;
    %jmp/0xz  T_5.0, 8;
    %pushi/vec4 0, 0, 1;
    %assign/vec4 v0x5652f4bd0610_0, 0;
    %jmp T_5.1;
T_5.0 ;
    %load/vec4 v0x5652f4bd0390_0;
    %cmpi/e 3, 0, 32;
    %jmp/0xz  T_5.2, 4;
    %pushi/vec4 1, 0, 1;
    %assign/vec4 v0x5652f4bd0610_0, 0;
    %jmp T_5.3;
T_5.2 ;
    %pushi/vec4 0, 0, 1;
    %assign/vec4 v0x5652f4bd0610_0, 0;
T_5.3 ;
T_5.1 ;
    %jmp T_5;
    .thread T_5;
    .scope S_0x5652f4bcd010;
T_6 ;
    %wait E_0x5652f4b469b0;
    %load/vec4 v0x5652f4bcd670_0;
    %flag_set/vec4 8;
    %jmp/0xz  T_6.0, 8;
    %pushi/vec4 0, 0, 32;
    %assign/vec4 v0x5652f4bcd310_0, 0;
    %jmp T_6.1;
T_6.0 ;
    %load/vec4 v0x5652f4bcd4a0_0;
    %cmpi/e 1, 0, 1;
    %jmp/0xz  T_6.2, 4;
    %load/vec4 v0x5652f4bcd310_0;
    %cmpi/e 3, 0, 32;
    %flag_mov 8, 4;
    %jmp/0 T_6.4, 8;
    %pushi/vec4 0, 0, 32;
    %jmp/1 T_6.5, 8;
T_6.4 ; End of true expr.
    %load/vec4 v0x5652f4bcd310_0;
    %addi 1, 0, 32;
    %jmp/0 T_6.5, 8;
 ; End of false expr.
    %blend;
T_6.5;
    %assign/vec4 v0x5652f4bcd310_0, 0;
    %jmp T_6.3;
T_6.2 ;
    %pushi/vec4 0, 0, 32;
    %assign/vec4 v0x5652f4bcd310_0, 0;
T_6.3 ;
T_6.1 ;
    %jmp T_6;
    .thread T_6;
    .scope S_0x5652f4bcd010;
T_7 ;
    %wait E_0x5652f4b469b0;
    %load/vec4 v0x5652f4bcd670_0;
    %flag_set/vec4 8;
    %jmp/0xz  T_7.0, 8;
    %pushi/vec4 0, 0, 1;
    %assign/vec4 v0x5652f4bcd560_0, 0;
    %jmp T_7.1;
T_7.0 ;
    %load/vec4 v0x5652f4bcd310_0;
    %cmpi/e 3, 0, 32;
    %jmp/0xz  T_7.2, 4;
    %pushi/vec4 1, 0, 1;
    %assign/vec4 v0x5652f4bcd560_0, 0;
    %jmp T_7.3;
T_7.2 ;
    %pushi/vec4 0, 0, 1;
    %assign/vec4 v0x5652f4bcd560_0, 0;
T_7.3 ;
T_7.1 ;
    %jmp T_7;
    .thread T_7;
    .scope S_0x5652f4bd0ff0;
T_8 ;
    %wait E_0x5652f4b469b0;
    %load/vec4 v0x5652f4bd1710_0;
    %flag_set/vec4 8;
    %jmp/0xz  T_8.0, 8;
    %pushi/vec4 0, 0, 32;
    %assign/vec4 v0x5652f4bd13a0_0, 0;
    %jmp T_8.1;
T_8.0 ;
    %load/vec4 v0x5652f4bd1580_0;
    %cmpi/e 1, 0, 1;
    %jmp/0xz  T_8.2, 4;
    %load/vec4 v0x5652f4bd13a0_0;
    %cmpi/e 3, 0, 32;
    %flag_mov 8, 4;
    %jmp/0 T_8.4, 8;
    %pushi/vec4 0, 0, 32;
    %jmp/1 T_8.5, 8;
T_8.4 ; End of true expr.
    %load/vec4 v0x5652f4bd13a0_0;
    %addi 1, 0, 32;
    %jmp/0 T_8.5, 8;
 ; End of false expr.
    %blend;
T_8.5;
    %assign/vec4 v0x5652f4bd13a0_0, 0;
    %jmp T_8.3;
T_8.2 ;
    %pushi/vec4 0, 0, 32;
    %assign/vec4 v0x5652f4bd13a0_0, 0;
T_8.3 ;
T_8.1 ;
    %jmp T_8;
    .thread T_8;
    .scope S_0x5652f4bd0ff0;
T_9 ;
    %wait E_0x5652f4b469b0;
    %load/vec4 v0x5652f4bd1710_0;
    %flag_set/vec4 8;
    %jmp/0xz  T_9.0, 8;
    %pushi/vec4 0, 0, 1;
    %assign/vec4 v0x5652f4bd1620_0, 0;
    %jmp T_9.1;
T_9.0 ;
    %load/vec4 v0x5652f4bd13a0_0;
    %cmpi/e 3, 0, 32;
    %jmp/0xz  T_9.2, 4;
    %pushi/vec4 1, 0, 1;
    %assign/vec4 v0x5652f4bd1620_0, 0;
    %jmp T_9.3;
T_9.2 ;
    %pushi/vec4 0, 0, 1;
    %assign/vec4 v0x5652f4bd1620_0, 0;
T_9.3 ;
T_9.1 ;
    %jmp T_9;
    .thread T_9;
    .scope S_0x5652f4b513a0;
T_10 ;
    %wait E_0x5652f4b469b0;
    %load/vec4 v0x5652f4b90910_0;
    %flag_set/vec4 8;
    %jmp/0xz  T_10.0, 8;
    %pushi/vec4 0, 0, 32;
    %assign/vec4 v0x5652f4b8f050_0, 0;
    %jmp T_10.1;
T_10.0 ;
    %load/vec4 v0x5652f4ba54e0_0;
    %cmpi/e 1, 0, 1;
    %jmp/0xz  T_10.2, 4;
    %load/vec4 v0x5652f4b8f050_0;
    %cmpi/e 3, 0, 32;
    %flag_mov 8, 4;
    %jmp/0 T_10.4, 8;
    %pushi/vec4 0, 0, 32;
    %jmp/1 T_10.5, 8;
T_10.4 ; End of true expr.
    %load/vec4 v0x5652f4b8f050_0;
    %addi 1, 0, 32;
    %jmp/0 T_10.5, 8;
 ; End of false expr.
    %blend;
T_10.5;
    %assign/vec4 v0x5652f4b8f050_0, 0;
    %jmp T_10.3;
T_10.2 ;
    %pushi/vec4 0, 0, 32;
    %assign/vec4 v0x5652f4b8f050_0, 0;
T_10.3 ;
T_10.1 ;
    %jmp T_10;
    .thread T_10;
    .scope S_0x5652f4b513a0;
T_11 ;
    %wait E_0x5652f4b469b0;
    %load/vec4 v0x5652f4b90910_0;
    %flag_set/vec4 8;
    %jmp/0xz  T_11.0, 8;
    %pushi/vec4 0, 0, 1;
    %assign/vec4 v0x5652f4b8ff20_0, 0;
    %jmp T_11.1;
T_11.0 ;
    %load/vec4 v0x5652f4b8f050_0;
    %cmpi/e 3, 0, 32;
    %jmp/0xz  T_11.2, 4;
    %pushi/vec4 1, 0, 1;
    %assign/vec4 v0x5652f4b8ff20_0, 0;
    %jmp T_11.3;
T_11.2 ;
    %pushi/vec4 0, 0, 1;
    %assign/vec4 v0x5652f4b8ff20_0, 0;
T_11.3 ;
T_11.1 ;
    %jmp T_11;
    .thread T_11;
    .scope S_0x5652f4bd1830;
T_12 ;
    %wait E_0x5652f4b469b0;
    %load/vec4 v0x5652f4bd2360_0;
    %flag_set/vec4 8;
    %jmp/0xz  T_12.0, 8;
    %pushi/vec4 0, 0, 16;
    %assign/vec4 v0x5652f4bd1f20_0, 0;
    %pushi/vec4 1, 0, 1;
    %assign/vec4 v0x5652f4bd1e80_0, 0;
    %jmp T_12.1;
T_12.0 ;
    %load/vec4 v0x5652f4bd1f20_0;
    %pad/u 32;
    %cmpi/e 0, 0, 32;
    %jmp/0xz  T_12.2, 4;
    %load/vec4 v0x5652f4bd1e80_0;
    %inv;
    %assign/vec4 v0x5652f4bd1e80_0, 0;
    %pushi/vec4 0, 0, 16;
    %assign/vec4 v0x5652f4bd1f20_0, 0;
    %jmp T_12.3;
T_12.2 ;
    %load/vec4 v0x5652f4bd1f20_0;
    %addi 1, 0, 16;
    %assign/vec4 v0x5652f4bd1f20_0, 0;
T_12.3 ;
T_12.1 ;
    %jmp T_12;
    .thread T_12;
    .scope S_0x5652f4bd1830;
T_13 ;
    %wait E_0x5652f4bb6c30;
    %load/vec4 v0x5652f4bd2360_0;
    %flag_set/vec4 8;
    %jmp/0xz  T_13.0, 8;
    %pushi/vec4 8, 0, 4;
    %assign/vec4 v0x5652f4bd24e0_0, 0;
    %jmp T_13.1;
T_13.0 ;
    %load/vec4 v0x5652f4bd21f0_0;
    %flag_set/vec4 8;
    %jmp/0xz  T_13.2, 8;
    %load/vec4 v0x5652f4bd24e0_0;
    %cmpi/e 1, 0, 4;
    %flag_mov 8, 4;
    %jmp/0 T_13.4, 8;
    %pushi/vec4 8, 0, 4;
    %jmp/1 T_13.5, 8;
T_13.4 ; End of true expr.
    %load/vec4 v0x5652f4bd24e0_0;
    %ix/load 4, 1, 0;
    %flag_set/imm 4, 0;
    %shiftr 4;
    %jmp/0 T_13.5, 8;
 ; End of false expr.
    %blend;
T_13.5;
    %assign/vec4 v0x5652f4bd24e0_0, 0;
    %jmp T_13.3;
T_13.2 ;
    %load/vec4 v0x5652f4bd24e0_0;
    %assign/vec4 v0x5652f4bd24e0_0, 0;
T_13.3 ;
T_13.1 ;
    %jmp T_13;
    .thread T_13;
    .scope S_0x5652f4bd1830;
T_14 ;
    %wait E_0x5652f4bb6a80;
    %load/vec4 v0x5652f4bd2050_0;
    %dup/vec4;
    %pushi/vec4 0, 0, 4;
    %cmp/u;
    %jmp/1 T_14.0, 6;
    %dup/vec4;
    %pushi/vec4 1, 0, 4;
    %cmp/u;
    %jmp/1 T_14.1, 6;
    %dup/vec4;
    %pushi/vec4 2, 0, 4;
    %cmp/u;
    %jmp/1 T_14.2, 6;
    %dup/vec4;
    %pushi/vec4 3, 0, 4;
    %cmp/u;
    %jmp/1 T_14.3, 6;
    %dup/vec4;
    %pushi/vec4 4, 0, 4;
    %cmp/u;
    %jmp/1 T_14.4, 6;
    %dup/vec4;
    %pushi/vec4 5, 0, 4;
    %cmp/u;
    %jmp/1 T_14.5, 6;
    %dup/vec4;
    %pushi/vec4 6, 0, 4;
    %cmp/u;
    %jmp/1 T_14.6, 6;
    %dup/vec4;
    %pushi/vec4 7, 0, 4;
    %cmp/u;
    %jmp/1 T_14.7, 6;
    %dup/vec4;
    %pushi/vec4 8, 0, 4;
    %cmp/u;
    %jmp/1 T_14.8, 6;
    %dup/vec4;
    %pushi/vec4 9, 0, 4;
    %cmp/u;
    %jmp/1 T_14.9, 6;
    %pushi/vec4 1, 0, 7;
    %store/vec4 v0x5652f4bd22c0_0, 0, 7;
    %jmp T_14.11;
T_14.0 ;
    %pushi/vec4 1, 0, 7;
    %store/vec4 v0x5652f4bd22c0_0, 0, 7;
    %jmp T_14.11;
T_14.1 ;
    %pushi/vec4 79, 0, 7;
    %store/vec4 v0x5652f4bd22c0_0, 0, 7;
    %jmp T_14.11;
T_14.2 ;
    %pushi/vec4 18, 0, 7;
    %store/vec4 v0x5652f4bd22c0_0, 0, 7;
    %jmp T_14.11;
T_14.3 ;
    %pushi/vec4 6, 0, 7;
    %store/vec4 v0x5652f4bd22c0_0, 0, 7;
    %jmp T_14.11;
T_14.4 ;
    %pushi/vec4 76, 0, 7;
    %store/vec4 v0x5652f4bd22c0_0, 0, 7;
    %jmp T_14.11;
T_14.5 ;
    %pushi/vec4 36, 0, 7;
    %store/vec4 v0x5652f4bd22c0_0, 0, 7;
    %jmp T_14.11;
T_14.6 ;
    %pushi/vec4 32, 0, 7;
    %store/vec4 v0x5652f4bd22c0_0, 0, 7;
    %jmp T_14.11;
T_14.7 ;
    %pushi/vec4 15, 0, 7;
    %store/vec4 v0x5652f4bd22c0_0, 0, 7;
    %jmp T_14.11;
T_14.8 ;
    %pushi/vec4 0, 0, 7;
    %store/vec4 v0x5652f4bd22c0_0, 0, 7;
    %jmp T_14.11;
T_14.9 ;
    %pushi/vec4 4, 0, 7;
    %store/vec4 v0x5652f4bd22c0_0, 0, 7;
    %jmp T_14.11;
T_14.11 ;
    %pop/vec4 1;
    %jmp T_14;
    .thread T_14, $push;
    .scope S_0x5652f4bd1830;
T_15 ;
    %wait E_0x5652f4bb6900;
    %load/vec4 v0x5652f4bd2400_0;
    %dup/vec4;
    %pushi/vec4 7, 0, 4;
    %cmp/u;
    %jmp/1 T_15.0, 6;
    %dup/vec4;
    %pushi/vec4 11, 0, 4;
    %cmp/u;
    %jmp/1 T_15.1, 6;
    %dup/vec4;
    %pushi/vec4 13, 0, 4;
    %cmp/u;
    %jmp/1 T_15.2, 6;
    %dup/vec4;
    %pushi/vec4 14, 0, 4;
    %cmp/u;
    %jmp/1 T_15.3, 6;
    %load/vec4 v0x5652f4bd2130_0;
    %parti/s 4, 0, 2;
    %store/vec4 v0x5652f4bd2050_0, 0, 4;
    %jmp T_15.5;
T_15.0 ;
    %load/vec4 v0x5652f4bd2130_0;
    %parti/s 4, 12, 5;
    %store/vec4 v0x5652f4bd2050_0, 0, 4;
    %jmp T_15.5;
T_15.1 ;
    %load/vec4 v0x5652f4bd2130_0;
    %parti/s 4, 8, 5;
    %store/vec4 v0x5652f4bd2050_0, 0, 4;
    %jmp T_15.5;
T_15.2 ;
    %load/vec4 v0x5652f4bd2130_0;
    %parti/s 4, 4, 4;
    %store/vec4 v0x5652f4bd2050_0, 0, 4;
    %jmp T_15.5;
T_15.3 ;
    %load/vec4 v0x5652f4bd2130_0;
    %parti/s 4, 0, 2;
    %store/vec4 v0x5652f4bd2050_0, 0, 4;
    %jmp T_15.5;
T_15.5 ;
    %pop/vec4 1;
    %jmp T_15;
    .thread T_15, $push;
    .scope S_0x5652f4bd26c0;
T_16 ;
    %wait E_0x5652f4b469b0;
    %load/vec4 v0x5652f4bd2d40_0;
    %flag_set/vec4 8;
    %jmp/0xz  T_16.0, 8;
    %pushi/vec4 0, 0, 32;
    %assign/vec4 v0x5652f4bd2ba0_0, 0;
    %jmp T_16.1;
T_16.0 ;
    %load/vec4 v0x5652f4bd2c70_0;
    %flag_set/vec4 8;
    %jmp/0xz  T_16.2, 8;
    %load/vec4 v0x5652f4bd2ba0_0;
    %cmpi/e 0, 0, 32;
    %flag_mov 8, 4;
    %jmp/0 T_16.4, 8;
    %pushi/vec4 0, 0, 32;
    %jmp/1 T_16.5, 8;
T_16.4 ; End of true expr.
    %load/vec4 v0x5652f4bd2ba0_0;
    %addi 1, 0, 32;
    %jmp/0 T_16.5, 8;
 ; End of false expr.
    %blend;
T_16.5;
    %assign/vec4 v0x5652f4bd2ba0_0, 0;
    %jmp T_16.3;
T_16.2 ;
    %pushi/vec4 0, 0, 32;
    %assign/vec4 v0x5652f4bd2ba0_0, 0;
T_16.3 ;
T_16.1 ;
    %jmp T_16;
    .thread T_16;
    .scope S_0x5652f4bd26c0;
T_17 ;
    %wait E_0x5652f4b469b0;
    %load/vec4 v0x5652f4bd2d40_0;
    %flag_set/vec4 8;
    %jmp/0xz  T_17.0, 8;
    %pushi/vec4 0, 0, 1;
    %assign/vec4 v0x5652f4bd2ed0_0, 0;
    %jmp T_17.1;
T_17.0 ;
    %load/vec4 v0x5652f4bd2ba0_0;
    %cmpi/e 0, 0, 32;
    %jmp/0xz  T_17.2, 4;
    %load/vec4 v0x5652f4bd2ed0_0;
    %inv;
    %assign/vec4 v0x5652f4bd2ed0_0, 0;
    %jmp T_17.3;
T_17.2 ;
    %load/vec4 v0x5652f4bd2ed0_0;
    %assign/vec4 v0x5652f4bd2ed0_0, 0;
T_17.3 ;
T_17.1 ;
    %jmp T_17;
    .thread T_17;
    .scope S_0x5652f4bcd7a0;
T_18 ;
    %wait E_0x5652f4b466b0;
    %load/vec4 v0x5652f4bcf450_0;
    %dup/vec4;
    %pushi/vec4 0, 0, 4;
    %cmp/u;
    %jmp/1 T_18.0, 6;
    %dup/vec4;
    %pushi/vec4 1, 0, 4;
    %cmp/u;
    %jmp/1 T_18.1, 6;
    %dup/vec4;
    %pushi/vec4 2, 0, 4;
    %cmp/u;
    %jmp/1 T_18.2, 6;
    %dup/vec4;
    %pushi/vec4 3, 0, 4;
    %cmp/u;
    %jmp/1 T_18.3, 6;
    %dup/vec4;
    %pushi/vec4 4, 0, 4;
    %cmp/u;
    %jmp/1 T_18.4, 6;
    %dup/vec4;
    %pushi/vec4 5, 0, 4;
    %cmp/u;
    %jmp/1 T_18.5, 6;
    %dup/vec4;
    %pushi/vec4 6, 0, 4;
    %cmp/u;
    %jmp/1 T_18.6, 6;
    %dup/vec4;
    %pushi/vec4 8, 0, 4;
    %cmp/u;
    %jmp/1 T_18.7, 6;
    %dup/vec4;
    %pushi/vec4 9, 0, 4;
    %cmp/u;
    %jmp/1 T_18.8, 6;
    %dup/vec4;
    %pushi/vec4 7, 0, 4;
    %cmp/u;
    %jmp/1 T_18.9, 6;
    %pushi/vec4 0, 0, 4;
    %store/vec4 v0x5652f4bcf710_0, 0, 4;
    %jmp T_18.11;
T_18.0 ;
    %load/vec4 v0x5652f4bcf5d0_0;
    %flag_set/vec4 8;
    %jmp/0xz  T_18.12, 8;
    %pushi/vec4 7, 0, 4;
    %store/vec4 v0x5652f4bcf710_0, 0, 4;
    %jmp T_18.13;
T_18.12 ;
    %load/vec4 v0x5652f4bcf9b0_0;
    %flag_set/vec4 8;
    %jmp/0xz  T_18.14, 8;
    %pushi/vec4 1, 0, 4;
    %store/vec4 v0x5652f4bcf710_0, 0, 4;
    %jmp T_18.15;
T_18.14 ;
    %pushi/vec4 0, 0, 4;
    %store/vec4 v0x5652f4bcf710_0, 0, 4;
T_18.15 ;
T_18.13 ;
    %jmp T_18.11;
T_18.1 ;
    %load/vec4 v0x5652f4bcfce0_0;
    %flag_set/vec4 8;
    %load/vec4 v0x5652f4bcf5d0_0;
    %flag_set/vec4 9;
    %flag_or 9, 8;
    %jmp/0xz  T_18.16, 9;
    %pushi/vec4 7, 0, 4;
    %store/vec4 v0x5652f4bcf710_0, 0, 4;
    %jmp T_18.17;
T_18.16 ;
    %load/vec4 v0x5652f4bcfda0_0;
    %flag_set/vec4 8;
    %jmp/0xz  T_18.18, 8;
    %pushi/vec4 0, 0, 4;
    %store/vec4 v0x5652f4bcf710_0, 0, 4;
    %jmp T_18.19;
T_18.18 ;
    %load/vec4 v0x5652f4bcf3b0_0;
    %flag_set/vec4 8;
    %jmp/0xz  T_18.20, 8;
    %pushi/vec4 2, 0, 4;
    %store/vec4 v0x5652f4bcf710_0, 0, 4;
    %jmp T_18.21;
T_18.20 ;
    %pushi/vec4 1, 0, 4;
    %store/vec4 v0x5652f4bcf710_0, 0, 4;
T_18.21 ;
T_18.19 ;
T_18.17 ;
    %jmp T_18.11;
T_18.2 ;
    %load/vec4 v0x5652f4bcf5d0_0;
    %flag_set/vec4 8;
    %load/vec4 v0x5652f4bcfce0_0;
    %flag_set/vec4 9;
    %flag_or 9, 8;
    %jmp/0xz  T_18.22, 9;
    %pushi/vec4 7, 0, 4;
    %store/vec4 v0x5652f4bcf710_0, 0, 4;
    %jmp T_18.23;
T_18.22 ;
    %load/vec4 v0x5652f4bcfda0_0;
    %flag_set/vec4 8;
    %jmp/0xz  T_18.24, 8;
    %pushi/vec4 0, 0, 4;
    %store/vec4 v0x5652f4bcf710_0, 0, 4;
    %jmp T_18.25;
T_18.24 ;
    %load/vec4 v0x5652f4bcf3b0_0;
    %flag_set/vec4 8;
    %jmp/0xz  T_18.26, 8;
    %pushi/vec4 3, 0, 4;
    %store/vec4 v0x5652f4bcf710_0, 0, 4;
    %jmp T_18.27;
T_18.26 ;
    %pushi/vec4 2, 0, 4;
    %store/vec4 v0x5652f4bcf710_0, 0, 4;
T_18.27 ;
T_18.25 ;
T_18.23 ;
    %jmp T_18.11;
T_18.3 ;
    %load/vec4 v0x5652f4bcf5d0_0;
    %flag_set/vec4 8;
    %load/vec4 v0x5652f4bcfce0_0;
    %flag_set/vec4 9;
    %flag_or 9, 8;
    %jmp/0xz  T_18.28, 9;
    %pushi/vec4 7, 0, 4;
    %store/vec4 v0x5652f4bcf710_0, 0, 4;
    %jmp T_18.29;
T_18.28 ;
    %load/vec4 v0x5652f4bcfda0_0;
    %flag_set/vec4 8;
    %jmp/0xz  T_18.30, 8;
    %pushi/vec4 0, 0, 4;
    %store/vec4 v0x5652f4bcf710_0, 0, 4;
    %jmp T_18.31;
T_18.30 ;
    %load/vec4 v0x5652f4bcf3b0_0;
    %flag_set/vec4 8;
    %jmp/0xz  T_18.32, 8;
    %pushi/vec4 4, 0, 4;
    %store/vec4 v0x5652f4bcf710_0, 0, 4;
    %jmp T_18.33;
T_18.32 ;
    %pushi/vec4 3, 0, 4;
    %store/vec4 v0x5652f4bcf710_0, 0, 4;
T_18.33 ;
T_18.31 ;
T_18.29 ;
    %jmp T_18.11;
T_18.4 ;
    %load/vec4 v0x5652f4bcf5d0_0;
    %flag_set/vec4 8;
    %load/vec4 v0x5652f4bcfce0_0;
    %flag_set/vec4 9;
    %flag_or 9, 8;
    %jmp/0xz  T_18.34, 9;
    %pushi/vec4 7, 0, 4;
    %store/vec4 v0x5652f4bcf710_0, 0, 4;
    %jmp T_18.35;
T_18.34 ;
    %load/vec4 v0x5652f4bcfda0_0;
    %flag_set/vec4 8;
    %jmp/0xz  T_18.36, 8;
    %pushi/vec4 0, 0, 4;
    %store/vec4 v0x5652f4bcf710_0, 0, 4;
    %jmp T_18.37;
T_18.36 ;
    %load/vec4 v0x5652f4bcf3b0_0;
    %flag_set/vec4 8;
    %jmp/0xz  T_18.38, 8;
    %pushi/vec4 5, 0, 4;
    %store/vec4 v0x5652f4bcf710_0, 0, 4;
    %jmp T_18.39;
T_18.38 ;
    %pushi/vec4 4, 0, 4;
    %store/vec4 v0x5652f4bcf710_0, 0, 4;
T_18.39 ;
T_18.37 ;
T_18.35 ;
    %jmp T_18.11;
T_18.5 ;
    %load/vec4 v0x5652f4bcf5d0_0;
    %flag_set/vec4 8;
    %load/vec4 v0x5652f4bcf3b0_0;
    %flag_set/vec4 9;
    %flag_or 9, 8;
    %jmp/0xz  T_18.40, 9;
    %pushi/vec4 7, 0, 4;
    %store/vec4 v0x5652f4bcf710_0, 0, 4;
    %jmp T_18.41;
T_18.40 ;
    %load/vec4 v0x5652f4bcfda0_0;
    %flag_set/vec4 8;
    %jmp/0xz  T_18.42, 8;
    %pushi/vec4 0, 0, 4;
    %store/vec4 v0x5652f4bcf710_0, 0, 4;
    %jmp T_18.43;
T_18.42 ;
    %load/vec4 v0x5652f4bcfce0_0;
    %flag_set/vec4 8;
    %jmp/0xz  T_18.44, 8;
    %pushi/vec4 6, 0, 4;
    %store/vec4 v0x5652f4bcf710_0, 0, 4;
    %jmp T_18.45;
T_18.44 ;
    %pushi/vec4 5, 0, 4;
    %store/vec4 v0x5652f4bcf710_0, 0, 4;
T_18.45 ;
T_18.43 ;
T_18.41 ;
    %jmp T_18.11;
T_18.6 ;
    %load/vec4 v0x5652f4bcf7f0_0;
    %cmpi/e 9600, 0, 16;
    %jmp/0xz  T_18.46, 4;
    %pushi/vec4 8, 0, 4;
    %store/vec4 v0x5652f4bcf710_0, 0, 4;
    %jmp T_18.47;
T_18.46 ;
    %pushi/vec4 7, 0, 4;
    %store/vec4 v0x5652f4bcf710_0, 0, 4;
T_18.47 ;
    %jmp T_18.11;
T_18.7 ;
    %load/vec4 v0x5652f4bcf5d0_0;
    %flag_set/vec4 8;
    %jmp/0 T_18.48, 8;
    %pushi/vec4 9, 0, 4;
    %jmp/1 T_18.49, 8;
T_18.48 ; End of true expr.
    %pushi/vec4 8, 0, 4;
    %jmp/0 T_18.49, 8;
 ; End of false expr.
    %blend;
T_18.49;
    %store/vec4 v0x5652f4bcf710_0, 0, 4;
    %jmp T_18.11;
T_18.8 ;
    %load/vec4 v0x5652f4bcfda0_0;
    %flag_set/vec4 8;
    %jmp/0 T_18.50, 8;
    %pushi/vec4 0, 0, 4;
    %jmp/1 T_18.51, 8;
T_18.50 ; End of true expr.
    %pushi/vec4 9, 0, 4;
    %jmp/0 T_18.51, 8;
 ; End of false expr.
    %blend;
T_18.51;
    %store/vec4 v0x5652f4bcf710_0, 0, 4;
    %jmp T_18.11;
T_18.9 ;
    %load/vec4 v0x5652f4bcfc20_0;
    %flag_set/vec4 8;
    %jmp/0 T_18.52, 8;
    %pushi/vec4 0, 0, 4;
    %jmp/1 T_18.53, 8;
T_18.52 ; End of true expr.
    %pushi/vec4 7, 0, 4;
    %jmp/0 T_18.53, 8;
 ; End of false expr.
    %blend;
T_18.53;
    %store/vec4 v0x5652f4bcf710_0, 0, 4;
    %jmp T_18.11;
T_18.11 ;
    %pop/vec4 1;
    %jmp T_18;
    .thread T_18, $push;
    .scope S_0x5652f4bcd7a0;
T_19 ;
    %wait E_0x5652f4b469b0;
    %load/vec4 v0x5652f4bcfa70_0;
    %flag_set/vec4 8;
    %jmp/0xz  T_19.0, 8;
    %pushi/vec4 0, 0, 4;
    %assign/vec4 v0x5652f4bcf450_0, 0;
    %jmp T_19.1;
T_19.0 ;
    %load/vec4 v0x5652f4bcf710_0;
    %assign/vec4 v0x5652f4bcf450_0, 0;
T_19.1 ;
    %jmp T_19;
    .thread T_19;
    .scope S_0x5652f4bcd7a0;
T_20 ;
    %wait E_0x5652f4b469b0;
    %load/vec4 v0x5652f4bcfa70_0;
    %flag_set/vec4 8;
    %jmp/0xz  T_20.0, 8;
    %pushi/vec4 0, 0, 16;
    %assign/vec4 v0x5652f4bcf7f0_0, 0;
    %pushi/vec4 15, 0, 4;
    %assign/vec4 v0x5652f4bcf8d0_0, 0;
    %jmp T_20.1;
T_20.0 ;
    %load/vec4 v0x5652f4bcf450_0;
    %cmpi/e 1, 0, 4;
    %flag_mov 8, 4;
    %load/vec4 v0x5652f4bcf450_0;
    %cmpi/e 2, 0, 4;
    %flag_or 4, 8;
    %flag_mov 8, 4;
    %load/vec4 v0x5652f4bcf450_0;
    %cmpi/e 3, 0, 4;
    %flag_or 4, 8;
    %flag_mov 8, 4;
    %load/vec4 v0x5652f4bcf450_0;
    %cmpi/e 4, 0, 4;
    %flag_or 4, 8;
    %jmp/0xz  T_20.2, 4;
    %load/vec4 v0x5652f4bcf3b0_0;
    %flag_set/vec4 8;
    %jmp/0xz  T_20.4, 8;
    %load/vec4 v0x5652f4bce1c0_0;
    %ix/load 5, 0, 0;
    %load/vec4 v0x5652f4bcf8d0_0;
    %pad/u 6;
    %subi 3, 0, 6;
    %ix/vec4/s 4;
    %assign/vec4/off/d v0x5652f4bcf7f0_0, 4, 5;
    %load/vec4 v0x5652f4bcf8d0_0;
    %subi 4, 0, 4;
    %assign/vec4 v0x5652f4bcf8d0_0, 0;
    %jmp T_20.5;
T_20.4 ;
    %load/vec4 v0x5652f4bcf7f0_0;
    %assign/vec4 v0x5652f4bcf7f0_0, 0;
    %load/vec4 v0x5652f4bcf8d0_0;
    %assign/vec4 v0x5652f4bcf8d0_0, 0;
T_20.5 ;
    %jmp T_20.3;
T_20.2 ;
    %load/vec4 v0x5652f4bcf450_0;
    %cmpi/e 5, 0, 4;
    %flag_mov 8, 4;
    %load/vec4 v0x5652f4bcf450_0;
    %cmpi/e 6, 0, 4;
    %flag_or 4, 8;
    %flag_mov 8, 4;
    %load/vec4 v0x5652f4bcf450_0;
    %cmpi/e 8, 0, 4;
    %flag_or 4, 8;
    %jmp/0xz  T_20.6, 4;
    %load/vec4 v0x5652f4bcf7f0_0;
    %assign/vec4 v0x5652f4bcf7f0_0, 0;
    %load/vec4 v0x5652f4bcf8d0_0;
    %assign/vec4 v0x5652f4bcf8d0_0, 0;
    %jmp T_20.7;
T_20.6 ;
    %pushi/vec4 0, 0, 16;
    %assign/vec4 v0x5652f4bcf7f0_0, 0;
    %pushi/vec4 15, 0, 4;
    %assign/vec4 v0x5652f4bcf8d0_0, 0;
T_20.7 ;
T_20.3 ;
T_20.1 ;
    %jmp T_20;
    .thread T_20;
    .scope S_0x5652f4b41e40;
T_21 ;
    %vpi_call 2 13 "$dumpfile", "wave.vcd" {0 0 0};
    %vpi_call 2 14 "$dumpvars", 32'sb00000000000000000000000000000000, S_0x5652f4b41e40 {0 0 0};
    %end;
    .thread T_21;
    .scope S_0x5652f4b41e40;
T_22 ;
    %pushi/vec4 0, 0, 1;
    %assign/vec4 v0x5652f4bd4f30_0, 0;
T_22.0 ;
    %delay 10, 0;
    %load/vec4 v0x5652f4bd4f30_0;
    %inv;
    %store/vec4 v0x5652f4bd4f30_0, 0, 1;
    %jmp T_22.0;
    %end;
    .thread T_22;
    .scope S_0x5652f4b41e40;
T_23 ;
    %pushi/vec4 1, 0, 1;
    %assign/vec4 v0x5652f4bd54d0_0, 0;
    %delay 20, 0;
    %pushi/vec4 0, 0, 1;
    %assign/vec4 v0x5652f4bd54d0_0, 0;
    %end;
    .thread T_23;
    .scope S_0x5652f4b41e40;
T_24 ;
    %pushi/vec4 0, 0, 6;
    %split/vec4 1;
    %assign/vec4 v0x5652f4bd4fd0_0, 0;
    %split/vec4 1;
    %assign/vec4 v0x5652f4bd57f0_0, 0;
    %split/vec4 1;
    %assign/vec4 v0x5652f4bd50c0_0, 0;
    %split/vec4 1;
    %assign/vec4 v0x5652f4bd53e0_0, 0;
    %split/vec4 1;
    %assign/vec4 v0x5652f4bd5700_0, 0;
    %assign/vec4 v0x5652f4bd58e0_0, 0;
    %wait E_0x5652f4b469b0;
    %pushi/vec4 1, 0, 1;
    %assign/vec4 v0x5652f4bd53e0_0, 0;
    %wait E_0x5652f4b469b0;
    %pushi/vec4 0, 0, 1;
    %assign/vec4 v0x5652f4bd53e0_0, 0;
    %pushi/vec4 3, 0, 32;
T_24.0 %dup/vec4;
    %pushi/vec4 0, 0, 32;
    %cmp/s;
    %jmp/1xz T_24.1, 5;
    %jmp/1 T_24.1, 4;
    %pushi/vec4 1, 0, 32;
    %sub;
    %wait E_0x5652f4b469b0;
    %pushi/vec4 1, 0, 1;
    %assign/vec4 v0x5652f4bd53e0_0, 0;
    %jmp T_24.0;
T_24.1 ;
    %pop/vec4 1;
    %wait E_0x5652f4b469b0;
    %pushi/vec4 0, 0, 1;
    %assign/vec4 v0x5652f4bd53e0_0, 0;
    %pushi/vec4 1, 0, 1;
    %assign/vec4 v0x5652f4bd4fd0_0, 0;
    %pushi/vec4 3, 0, 32;
T_24.2 %dup/vec4;
    %pushi/vec4 0, 0, 32;
    %cmp/s;
    %jmp/1xz T_24.3, 5;
    %jmp/1 T_24.3, 4;
    %pushi/vec4 1, 0, 32;
    %sub;
    %wait E_0x5652f4b469b0;
    %pushi/vec4 1, 0, 1;
    %assign/vec4 v0x5652f4bd4fd0_0, 0;
    %jmp T_24.2;
T_24.3 ;
    %pop/vec4 1;
    %wait E_0x5652f4b469b0;
    %pushi/vec4 2, 0, 4;
    %assign/vec4 v0x5652f4bd4cf0_0, 0;
    %pushi/vec4 1, 0, 1;
    %assign/vec4 v0x5652f4bd4fd0_0, 0;
    %pushi/vec4 3, 0, 32;
T_24.4 %dup/vec4;
    %pushi/vec4 0, 0, 32;
    %cmp/s;
    %jmp/1xz T_24.5, 5;
    %jmp/1 T_24.5, 4;
    %pushi/vec4 1, 0, 32;
    %sub;
    %wait E_0x5652f4b469b0;
    %pushi/vec4 1, 0, 1;
    %assign/vec4 v0x5652f4bd4fd0_0, 0;
    %jmp T_24.4;
T_24.5 ;
    %pop/vec4 1;
    %wait E_0x5652f4b469b0;
    %pushi/vec4 5, 0, 4;
    %assign/vec4 v0x5652f4bd4cf0_0, 0;
    %pushi/vec4 1, 0, 1;
    %assign/vec4 v0x5652f4bd4fd0_0, 0;
    %pushi/vec4 3, 0, 32;
T_24.6 %dup/vec4;
    %pushi/vec4 0, 0, 32;
    %cmp/s;
    %jmp/1xz T_24.7, 5;
    %jmp/1 T_24.7, 4;
    %pushi/vec4 1, 0, 32;
    %sub;
    %wait E_0x5652f4b469b0;
    %pushi/vec4 1, 0, 1;
    %assign/vec4 v0x5652f4bd4fd0_0, 0;
    %jmp T_24.6;
T_24.7 ;
    %pop/vec4 1;
    %wait E_0x5652f4b469b0;
    %pushi/vec4 8, 0, 4;
    %assign/vec4 v0x5652f4bd4cf0_0, 0;
    %pushi/vec4 1, 0, 1;
    %assign/vec4 v0x5652f4bd4fd0_0, 0;
    %pushi/vec4 3, 0, 32;
T_24.8 %dup/vec4;
    %pushi/vec4 0, 0, 32;
    %cmp/s;
    %jmp/1xz T_24.9, 5;
    %jmp/1 T_24.9, 4;
    %pushi/vec4 1, 0, 32;
    %sub;
    %wait E_0x5652f4b469b0;
    %pushi/vec4 1, 0, 1;
    %assign/vec4 v0x5652f4bd4fd0_0, 0;
    %jmp T_24.8;
T_24.9 ;
    %pop/vec4 1;
    %wait E_0x5652f4b469b0;
    %pushi/vec4 0, 0, 4;
    %assign/vec4 v0x5652f4bd4cf0_0, 0;
    %pushi/vec4 0, 0, 1;
    %assign/vec4 v0x5652f4bd4fd0_0, 0;
    %pushi/vec4 1, 0, 1;
    %assign/vec4 v0x5652f4bd57f0_0, 0;
    %pushi/vec4 3, 0, 32;
T_24.10 %dup/vec4;
    %pushi/vec4 0, 0, 32;
    %cmp/s;
    %jmp/1xz T_24.11, 5;
    %jmp/1 T_24.11, 4;
    %pushi/vec4 1, 0, 32;
    %sub;
    %wait E_0x5652f4b469b0;
    %pushi/vec4 1, 0, 1;
    %assign/vec4 v0x5652f4bd57f0_0, 0;
    %jmp T_24.10;
T_24.11 ;
    %pop/vec4 1;
    %wait E_0x5652f4b469b0;
    %pushi/vec4 0, 0, 1;
    %assign/vec4 v0x5652f4bd57f0_0, 0;
    %pushi/vec4 1, 0, 1;
    %assign/vec4 v0x5652f4bd50c0_0, 0;
    %pushi/vec4 3, 0, 32;
T_24.12 %dup/vec4;
    %pushi/vec4 0, 0, 32;
    %cmp/s;
    %jmp/1xz T_24.13, 5;
    %jmp/1 T_24.13, 4;
    %pushi/vec4 1, 0, 32;
    %sub;
    %wait E_0x5652f4b469b0;
    %pushi/vec4 1, 0, 1;
    %assign/vec4 v0x5652f4bd50c0_0, 0;
    %jmp T_24.12;
T_24.13 ;
    %pop/vec4 1;
    %wait E_0x5652f4b469b0;
    %pushi/vec4 0, 0, 1;
    %assign/vec4 v0x5652f4bd50c0_0, 0;
    %pushi/vec4 1, 0, 1;
    %assign/vec4 v0x5652f4bd58e0_0, 0;
    %delay 200, 0;
    %pushi/vec4 0, 0, 1;
    %assign/vec4 v0x5652f4bd58e0_0, 0;
    %delay 200, 0;
    %pushi/vec4 1, 0, 1;
    %assign/vec4 v0x5652f4bd53e0_0, 0;
    %pushi/vec4 3, 0, 32;
T_24.14 %dup/vec4;
    %pushi/vec4 0, 0, 32;
    %cmp/s;
    %jmp/1xz T_24.15, 5;
    %jmp/1 T_24.15, 4;
    %pushi/vec4 1, 0, 32;
    %sub;
    %wait E_0x5652f4b469b0;
    %pushi/vec4 1, 0, 1;
    %assign/vec4 v0x5652f4bd53e0_0, 0;
    %jmp T_24.14;
T_24.15 ;
    %pop/vec4 1;
    %wait E_0x5652f4b469b0;
    %pushi/vec4 0, 0, 1;
    %assign/vec4 v0x5652f4bd53e0_0, 0;
    %pushi/vec4 1, 0, 1;
    %assign/vec4 v0x5652f4bd4fd0_0, 0;
    %pushi/vec4 3, 0, 32;
T_24.16 %dup/vec4;
    %pushi/vec4 0, 0, 32;
    %cmp/s;
    %jmp/1xz T_24.17, 5;
    %jmp/1 T_24.17, 4;
    %pushi/vec4 1, 0, 32;
    %sub;
    %wait E_0x5652f4b469b0;
    %pushi/vec4 1, 0, 1;
    %assign/vec4 v0x5652f4bd4fd0_0, 0;
    %jmp T_24.16;
T_24.17 ;
    %pop/vec4 1;
    %wait E_0x5652f4b469b0;
    %pushi/vec4 0, 0, 1;
    %assign/vec4 v0x5652f4bd4fd0_0, 0;
    %pushi/vec4 2, 0, 4;
    %assign/vec4 v0x5652f4bd4cf0_0, 0;
    %pushi/vec4 1, 0, 1;
    %assign/vec4 v0x5652f4bd50c0_0, 0;
    %pushi/vec4 3, 0, 32;
T_24.18 %dup/vec4;
    %pushi/vec4 0, 0, 32;
    %cmp/s;
    %jmp/1xz T_24.19, 5;
    %jmp/1 T_24.19, 4;
    %pushi/vec4 1, 0, 32;
    %sub;
    %wait E_0x5652f4b469b0;
    %pushi/vec4 1, 0, 1;
    %assign/vec4 v0x5652f4bd50c0_0, 0;
    %jmp T_24.18;
T_24.19 ;
    %pop/vec4 1;
    %wait E_0x5652f4b469b0;
    %pushi/vec4 0, 0, 1;
    %assign/vec4 v0x5652f4bd50c0_0, 0;
    %pushi/vec4 1, 0, 1;
    %assign/vec4 v0x5652f4bd58e0_0, 0;
    %pushi/vec4 3, 0, 32;
T_24.20 %dup/vec4;
    %pushi/vec4 0, 0, 32;
    %cmp/s;
    %jmp/1xz T_24.21, 5;
    %jmp/1 T_24.21, 4;
    %pushi/vec4 1, 0, 32;
    %sub;
    %wait E_0x5652f4b469b0;
    %pushi/vec4 1, 0, 1;
    %assign/vec4 v0x5652f4bd58e0_0, 0;
    %jmp T_24.20;
T_24.21 ;
    %pop/vec4 1;
    %wait E_0x5652f4b469b0;
    %pushi/vec4 0, 0, 1;
    %assign/vec4 v0x5652f4bd58e0_0, 0;
    %pushi/vec4 1, 0, 1;
    %assign/vec4 v0x5652f4bd5700_0, 0;
    %pushi/vec4 3, 0, 32;
T_24.22 %dup/vec4;
    %pushi/vec4 0, 0, 32;
    %cmp/s;
    %jmp/1xz T_24.23, 5;
    %jmp/1 T_24.23, 4;
    %pushi/vec4 1, 0, 32;
    %sub;
    %wait E_0x5652f4b469b0;
    %pushi/vec4 1, 0, 1;
    %assign/vec4 v0x5652f4bd5700_0, 0;
    %jmp T_24.22;
T_24.23 ;
    %pop/vec4 1;
    %wait E_0x5652f4b469b0;
    %pushi/vec4 0, 0, 1;
    %assign/vec4 v0x5652f4bd5700_0, 0;
    %pushi/vec4 1, 0, 1;
    %assign/vec4 v0x5652f4bd53e0_0, 0;
    %pushi/vec4 3, 0, 32;
T_24.24 %dup/vec4;
    %pushi/vec4 0, 0, 32;
    %cmp/s;
    %jmp/1xz T_24.25, 5;
    %jmp/1 T_24.25, 4;
    %pushi/vec4 1, 0, 32;
    %sub;
    %wait E_0x5652f4b469b0;
    %pushi/vec4 1, 0, 1;
    %assign/vec4 v0x5652f4bd53e0_0, 0;
    %jmp T_24.24;
T_24.25 ;
    %pop/vec4 1;
    %wait E_0x5652f4b469b0;
    %pushi/vec4 0, 0, 1;
    %assign/vec4 v0x5652f4bd53e0_0, 0;
    %pushi/vec4 1, 0, 1;
    %assign/vec4 v0x5652f4bd4fd0_0, 0;
    %pushi/vec4 3, 0, 32;
T_24.26 %dup/vec4;
    %pushi/vec4 0, 0, 32;
    %cmp/s;
    %jmp/1xz T_24.27, 5;
    %jmp/1 T_24.27, 4;
    %pushi/vec4 1, 0, 32;
    %sub;
    %wait E_0x5652f4b469b0;
    %pushi/vec4 1, 0, 1;
    %assign/vec4 v0x5652f4bd4fd0_0, 0;
    %jmp T_24.26;
T_24.27 ;
    %pop/vec4 1;
    %wait E_0x5652f4b469b0;
    %pushi/vec4 0, 0, 1;
    %assign/vec4 v0x5652f4bd4fd0_0, 0;
    %pushi/vec4 2, 0, 4;
    %assign/vec4 v0x5652f4bd4cf0_0, 0;
    %pushi/vec4 1, 0, 1;
    %assign/vec4 v0x5652f4bd57f0_0, 0;
    %pushi/vec4 3, 0, 32;
T_24.28 %dup/vec4;
    %pushi/vec4 0, 0, 32;
    %cmp/s;
    %jmp/1xz T_24.29, 5;
    %jmp/1 T_24.29, 4;
    %pushi/vec4 1, 0, 32;
    %sub;
    %wait E_0x5652f4b469b0;
    %pushi/vec4 1, 0, 1;
    %assign/vec4 v0x5652f4bd57f0_0, 0;
    %jmp T_24.28;
T_24.29 ;
    %pop/vec4 1;
    %wait E_0x5652f4b469b0;
    %pushi/vec4 0, 0, 1;
    %assign/vec4 v0x5652f4bd57f0_0, 0;
    %pushi/vec4 1, 0, 1;
    %assign/vec4 v0x5652f4bd5700_0, 0;
    %pushi/vec4 3, 0, 32;
T_24.30 %dup/vec4;
    %pushi/vec4 0, 0, 32;
    %cmp/s;
    %jmp/1xz T_24.31, 5;
    %jmp/1 T_24.31, 4;
    %pushi/vec4 1, 0, 32;
    %sub;
    %wait E_0x5652f4b469b0;
    %pushi/vec4 1, 0, 1;
    %assign/vec4 v0x5652f4bd5700_0, 0;
    %jmp T_24.30;
T_24.31 ;
    %pop/vec4 1;
    %wait E_0x5652f4b469b0;
    %pushi/vec4 0, 0, 1;
    %assign/vec4 v0x5652f4bd5700_0, 0;
    %pushi/vec4 1, 0, 1;
    %assign/vec4 v0x5652f4bd53e0_0, 0;
    %pushi/vec4 3, 0, 32;
T_24.32 %dup/vec4;
    %pushi/vec4 0, 0, 32;
    %cmp/s;
    %jmp/1xz T_24.33, 5;
    %jmp/1 T_24.33, 4;
    %pushi/vec4 1, 0, 32;
    %sub;
    %wait E_0x5652f4b469b0;
    %pushi/vec4 1, 0, 1;
    %assign/vec4 v0x5652f4bd53e0_0, 0;
    %jmp T_24.32;
T_24.33 ;
    %pop/vec4 1;
    %wait E_0x5652f4b469b0;
    %pushi/vec4 0, 0, 1;
    %assign/vec4 v0x5652f4bd53e0_0, 0;
    %pushi/vec4 1, 0, 1;
    %assign/vec4 v0x5652f4bd4fd0_0, 0;
    %pushi/vec4 3, 0, 32;
T_24.34 %dup/vec4;
    %pushi/vec4 0, 0, 32;
    %cmp/s;
    %jmp/1xz T_24.35, 5;
    %jmp/1 T_24.35, 4;
    %pushi/vec4 1, 0, 32;
    %sub;
    %wait E_0x5652f4b469b0;
    %pushi/vec4 1, 0, 1;
    %assign/vec4 v0x5652f4bd4fd0_0, 0;
    %jmp T_24.34;
T_24.35 ;
    %pop/vec4 1;
    %wait E_0x5652f4b469b0;
    %pushi/vec4 3, 0, 4;
    %assign/vec4 v0x5652f4bd4cf0_0, 0;
    %pushi/vec4 1, 0, 1;
    %assign/vec4 v0x5652f4bd4fd0_0, 0;
    %pushi/vec4 3, 0, 32;
T_24.36 %dup/vec4;
    %pushi/vec4 0, 0, 32;
    %cmp/s;
    %jmp/1xz T_24.37, 5;
    %jmp/1 T_24.37, 4;
    %pushi/vec4 1, 0, 32;
    %sub;
    %wait E_0x5652f4b469b0;
    %pushi/vec4 1, 0, 1;
    %assign/vec4 v0x5652f4bd4fd0_0, 0;
    %jmp T_24.36;
T_24.37 ;
    %pop/vec4 1;
    %wait E_0x5652f4b469b0;
    %pushi/vec4 2, 0, 4;
    %assign/vec4 v0x5652f4bd4cf0_0, 0;
    %pushi/vec4 1, 0, 1;
    %assign/vec4 v0x5652f4bd4fd0_0, 0;
    %pushi/vec4 3, 0, 32;
T_24.38 %dup/vec4;
    %pushi/vec4 0, 0, 32;
    %cmp/s;
    %jmp/1xz T_24.39, 5;
    %jmp/1 T_24.39, 4;
    %pushi/vec4 1, 0, 32;
    %sub;
    %wait E_0x5652f4b469b0;
    %pushi/vec4 1, 0, 1;
    %assign/vec4 v0x5652f4bd4fd0_0, 0;
    %jmp T_24.38;
T_24.39 ;
    %pop/vec4 1;
    %wait E_0x5652f4b469b0;
    %pushi/vec4 8, 0, 4;
    %assign/vec4 v0x5652f4bd4cf0_0, 0;
    %pushi/vec4 1, 0, 1;
    %assign/vec4 v0x5652f4bd4fd0_0, 0;
    %pushi/vec4 3, 0, 32;
T_24.40 %dup/vec4;
    %pushi/vec4 0, 0, 32;
    %cmp/s;
    %jmp/1xz T_24.41, 5;
    %jmp/1 T_24.41, 4;
    %pushi/vec4 1, 0, 32;
    %sub;
    %wait E_0x5652f4b469b0;
    %pushi/vec4 1, 0, 1;
    %assign/vec4 v0x5652f4bd4fd0_0, 0;
    %jmp T_24.40;
T_24.41 ;
    %pop/vec4 1;
    %wait E_0x5652f4b469b0;
    %pushi/vec4 1, 0, 4;
    %assign/vec4 v0x5652f4bd4cf0_0, 0;
    %pushi/vec4 1, 0, 1;
    %assign/vec4 v0x5652f4bd4fd0_0, 0;
    %pushi/vec4 3, 0, 32;
T_24.42 %dup/vec4;
    %pushi/vec4 0, 0, 32;
    %cmp/s;
    %jmp/1xz T_24.43, 5;
    %jmp/1 T_24.43, 4;
    %pushi/vec4 1, 0, 32;
    %sub;
    %wait E_0x5652f4b469b0;
    %pushi/vec4 1, 0, 1;
    %assign/vec4 v0x5652f4bd4fd0_0, 0;
    %jmp T_24.42;
T_24.43 ;
    %pop/vec4 1;
    %wait E_0x5652f4b469b0;
    %pushi/vec4 1, 0, 4;
    %assign/vec4 v0x5652f4bd4cf0_0, 0;
    %pushi/vec4 0, 0, 1;
    %assign/vec4 v0x5652f4bd4fd0_0, 0;
    %pushi/vec4 1, 0, 1;
    %assign/vec4 v0x5652f4bd5700_0, 0;
    %pushi/vec4 3, 0, 32;
T_24.44 %dup/vec4;
    %pushi/vec4 0, 0, 32;
    %cmp/s;
    %jmp/1xz T_24.45, 5;
    %jmp/1 T_24.45, 4;
    %pushi/vec4 1, 0, 32;
    %sub;
    %wait E_0x5652f4b469b0;
    %pushi/vec4 1, 0, 1;
    %assign/vec4 v0x5652f4bd5700_0, 0;
    %jmp T_24.44;
T_24.45 ;
    %pop/vec4 1;
    %wait E_0x5652f4b469b0;
    %pushi/vec4 0, 0, 1;
    %assign/vec4 v0x5652f4bd5700_0, 0;
    %pushi/vec4 1, 0, 1;
    %assign/vec4 v0x5652f4bd53e0_0, 0;
    %pushi/vec4 3, 0, 32;
T_24.46 %dup/vec4;
    %pushi/vec4 0, 0, 32;
    %cmp/s;
    %jmp/1xz T_24.47, 5;
    %jmp/1 T_24.47, 4;
    %pushi/vec4 1, 0, 32;
    %sub;
    %wait E_0x5652f4b469b0;
    %pushi/vec4 1, 0, 1;
    %assign/vec4 v0x5652f4bd53e0_0, 0;
    %jmp T_24.46;
T_24.47 ;
    %pop/vec4 1;
    %wait E_0x5652f4b469b0;
    %pushi/vec4 0, 0, 1;
    %assign/vec4 v0x5652f4bd53e0_0, 0;
    %pushi/vec4 1, 0, 1;
    %assign/vec4 v0x5652f4bd4fd0_0, 0;
    %pushi/vec4 3, 0, 32;
T_24.48 %dup/vec4;
    %pushi/vec4 0, 0, 32;
    %cmp/s;
    %jmp/1xz T_24.49, 5;
    %jmp/1 T_24.49, 4;
    %pushi/vec4 1, 0, 32;
    %sub;
    %wait E_0x5652f4b469b0;
    %pushi/vec4 1, 0, 1;
    %assign/vec4 v0x5652f4bd4fd0_0, 0;
    %jmp T_24.48;
T_24.49 ;
    %pop/vec4 1;
    %wait E_0x5652f4b469b0;
    %pushi/vec4 3, 0, 4;
    %assign/vec4 v0x5652f4bd4cf0_0, 0;
    %pushi/vec4 1, 0, 1;
    %assign/vec4 v0x5652f4bd4fd0_0, 0;
    %pushi/vec4 3, 0, 32;
T_24.50 %dup/vec4;
    %pushi/vec4 0, 0, 32;
    %cmp/s;
    %jmp/1xz T_24.51, 5;
    %jmp/1 T_24.51, 4;
    %pushi/vec4 1, 0, 32;
    %sub;
    %wait E_0x5652f4b469b0;
    %pushi/vec4 1, 0, 1;
    %assign/vec4 v0x5652f4bd4fd0_0, 0;
    %jmp T_24.50;
T_24.51 ;
    %pop/vec4 1;
    %wait E_0x5652f4b469b0;
    %pushi/vec4 2, 0, 4;
    %assign/vec4 v0x5652f4bd4cf0_0, 0;
    %pushi/vec4 1, 0, 1;
    %assign/vec4 v0x5652f4bd4fd0_0, 0;
    %pushi/vec4 3, 0, 32;
T_24.52 %dup/vec4;
    %pushi/vec4 0, 0, 32;
    %cmp/s;
    %jmp/1xz T_24.53, 5;
    %jmp/1 T_24.53, 4;
    %pushi/vec4 1, 0, 32;
    %sub;
    %wait E_0x5652f4b469b0;
    %pushi/vec4 1, 0, 1;
    %assign/vec4 v0x5652f4bd4fd0_0, 0;
    %jmp T_24.52;
T_24.53 ;
    %pop/vec4 1;
    %wait E_0x5652f4b469b0;
    %pushi/vec4 8, 0, 4;
    %assign/vec4 v0x5652f4bd4cf0_0, 0;
    %pushi/vec4 1, 0, 1;
    %assign/vec4 v0x5652f4bd4fd0_0, 0;
    %pushi/vec4 3, 0, 32;
T_24.54 %dup/vec4;
    %pushi/vec4 0, 0, 32;
    %cmp/s;
    %jmp/1xz T_24.55, 5;
    %jmp/1 T_24.55, 4;
    %pushi/vec4 1, 0, 32;
    %sub;
    %wait E_0x5652f4b469b0;
    %pushi/vec4 1, 0, 1;
    %assign/vec4 v0x5652f4bd4fd0_0, 0;
    %jmp T_24.54;
T_24.55 ;
    %pop/vec4 1;
    %wait E_0x5652f4b469b0;
    %pushi/vec4 1, 0, 4;
    %assign/vec4 v0x5652f4bd4cf0_0, 0;
    %pushi/vec4 0, 0, 1;
    %assign/vec4 v0x5652f4bd4fd0_0, 0;
    %pushi/vec4 1, 0, 1;
    %assign/vec4 v0x5652f4bd57f0_0, 0;
    %pushi/vec4 3, 0, 32;
T_24.56 %dup/vec4;
    %pushi/vec4 0, 0, 32;
    %cmp/s;
    %jmp/1xz T_24.57, 5;
    %jmp/1 T_24.57, 4;
    %pushi/vec4 1, 0, 32;
    %sub;
    %wait E_0x5652f4b469b0;
    %pushi/vec4 1, 0, 1;
    %assign/vec4 v0x5652f4bd57f0_0, 0;
    %jmp T_24.56;
T_24.57 ;
    %pop/vec4 1;
    %wait E_0x5652f4b469b0;
    %pushi/vec4 0, 0, 1;
    %assign/vec4 v0x5652f4bd57f0_0, 0;
    %pushi/vec4 1, 0, 1;
    %assign/vec4 v0x5652f4bd5700_0, 0;
    %pushi/vec4 3, 0, 32;
T_24.58 %dup/vec4;
    %pushi/vec4 0, 0, 32;
    %cmp/s;
    %jmp/1xz T_24.59, 5;
    %jmp/1 T_24.59, 4;
    %pushi/vec4 1, 0, 32;
    %sub;
    %wait E_0x5652f4b469b0;
    %pushi/vec4 1, 0, 1;
    %assign/vec4 v0x5652f4bd5700_0, 0;
    %jmp T_24.58;
T_24.59 ;
    %pop/vec4 1;
    %wait E_0x5652f4b469b0;
    %pushi/vec4 0, 0, 1;
    %assign/vec4 v0x5652f4bd5700_0, 0;
    %delay 200, 0;
    %vpi_call 2 292 "$finish" {0 0 0};
    %end;
    .thread T_24;
# The file index is used to find the file name in the following table.
:file_names 8;
    "N/A";
    "<interactive>";
    "top_tb.v";
    "top.v";
    "key_debounce.v";
    "numeric_code_detonator.v";
    "disp_num.v";
    "red_led.v";
